33 - 33
11 - 44
98 - 142
44 - 186
77 - 263
77 - 340
41 - 381
44 - 425
41 - 466
69 - 535
67 - 602
56 - 658
68 - 726
44 - 770
85 - 855
22 - 877
57 - 934
22 - 956
99 - 1055
73 - 1128
71 - 1199
91 - 1290
89 - 1379
47 - 1426
68 - 1494
77 - 1571
32 - 1603
99 - 1702
96 - 1798
99 - 1897
28 - 1925
75 - 2000
69 - 2069
75 - 2144
24 - 2168
21 - 2189
27 - 2216
98 - 2314
44 - 2358
33 - 2391
31 - 2422
31 - 2453
37 - 2490
87 - 2577
11 - 2588
55 - 2643
44 - 2687
25 - 2712
66 - 2778
44 - 2822
49 - 2871
72 - 2943
22 - 2965
14 - 2979
28 - 3007
79 - 3086
99 - 3185
27 - 3212
16 - 3228
35 - 3263
28 - 3291
64 - 3355
66 - 3421
76 - 3497
22 - 3519
26 - 3545
33 - 3578
33 - 3611
98 - 3709
22 - 3731
77 - 3808
88 - 3896
33 - 3929
33 - 3962
55 - 4017
77 - 4094
17 - 4111
66 - 4177
23 - 4200
62 - 4262
48 - 4310
66 - 4376
33 - 4409
17 - 4426
88 - 4514
32 - 4546
99 - 4645
84 - 4729
88 - 4817
46 - 4863
99 - 4962
44 - 5006
73 - 5079
44 - 5123
21 - 5144
93 - 5237
33 - 5270
74 - 5344
95 - 5439
22 - 5461
99 - 5560
88 - 5648
11 - 5659
11 - 5670
94 - 5764
85 - 5849
16 - 5865
99 - 5964
51 - 6015
67 - 6082
55 - 6137
13 - 6150
65 - 6215
74 - 6289
99 - 6388
15 - 6403
63 - 6466
36 - 6502
61 - 6563
11 - 6574
33 - 6607
33 - 6640
55 - 6695
79 - 6774
99 - 6873
53 - 6926
93 - 7019
99 - 7118
89 - 7207
33 - 7240
92 - 7332
78 - 7410
18 - 7428
69 - 7497
77 - 7574
83 - 7657
87 - 7744
66 - 7810
29 - 7839
33 - 7872
11 - 7883
88 - 7971
42 - 8013
57 - 8070
85 - 8155
91 - 8246
81 - 8327
94 - 8421
31 - 8452
87 - 8539
55 - 8594
78 - 8672
71 - 8743
33 - 8776
55 - 8831
73 - 8904
33 - 8937
55 - 8992
44 - 9036
55 - 9091
99 - 9190
78 - 9268
11 - 9279
88 - 9367
66 - 9433
88 - 9521
77 - 9598
12 - 9610
77 - 9687
99 - 9786
65 - 9851
11 - 9862
12 - 9874
62 - 9936
38 - 9974
17 - 9991
22 - 10013
99 - 10112
61 - 10173
77 - 10250
47 - 10297
22 - 10319
78 - 10397
91 - 10488
66 - 10554
33 - 10587
51 - 10638
59 - 10697
33 - 10730
99 - 10829
65 - 10894
78 - 10972
22 - 10994
22 - 11016
77 - 11093
61 - 11154
31 - 11185
79 - 11264
15 - 11279
33 - 11312
11 - 11323
11 - 11334
55 - 11389
48 - 11437
31 - 11468
57 - 11525
29 - 11554
22 - 11576
66 - 11642
59 - 11701
66 - 11767
94 - 11861
57 - 11918
44 - 11962
53 - 12015
11 - 12026
88 - 12114
44 - 12158
75 - 12233
33 - 12266
18 - 12284
88 - 12372
36 - 12408
14 - 12422
71 - 12493
73 - 12566
66 - 12632
88 - 12720
33 - 12753
51 - 12804
11 - 12815
13 - 12828
17 - 12845
23 - 12868
16 - 12884
77 - 12961
63 - 13024
11 - 13035
99 - 13134
24 - 13158
37 - 13195
99 - 13294
33 - 13327
53 - 13380
76 - 13456
88 - 13544
44 - 13588
22 - 13610
55 - 13665
77 - 13742
16 - 13758
82 - 13840
94 - 13934
31 - 13965
41 - 14006
66 - 14072
31 - 14103
88 - 14191
76 - 14267
69 - 14336
55 - 14391
44 - 14435
57 - 14492
68 - 14560
77 - 14637
91 - 14728
81 - 14809
28 - 14837
25 - 14862
88 - 14950
99 - 15049
87 - 15136
39 - 15175
77 - 15252
86 - 15338
55 - 15393
84 - 15477
63 - 15540
12 - 15552
77 - 15629
22 - 15651
11 - 15662
55 - 15717
33 - 15750
13 - 15763
96 - 15859
55 - 15914
77 - 15991
14 - 16005
83 - 16088
24 - 16112
19 - 16131
78 - 16209
55 - 16264
96 - 16360
44 - 16404
22 - 16426
22 - 16448
83 - 16531
77 - 16608
55 - 16663
33 - 16696
37 - 16733
32 - 16765
35 - 16800
63 - 16863
64 - 16927
35 - 16962
63 - 17025
32 - 17057
64 - 17121
49 - 17170
87 - 17257
11 - 17268
97 - 17365
62 - 17427
22 - 17449
42 - 17491
31 - 17522
38 - 17560
71 - 17631
39 - 17670
88 - 17758
41 - 17799
94 - 17893
11 - 17904
77 - 17981
61 - 18042
81 - 18123
72 - 18195
12 - 18207
43 - 18250
33 - 18283
12 - 18295
39 - 18334
87 - 18421
15 - 18436
77 - 18513
44 - 18557
87 - 18644
97 - 18741
22 - 18763
73 - 18836
88 - 18924
23 - 18947
11 - 18958
88 - 19046
44 - 19090
82 - 19172
34 - 19206
66 - 19272
84 - 19356
51 - 19407
91 - 19498
32 - 19530
58 - 19588
67 - 19655
82 - 19737
22 - 19759
97 - 19856
25 - 19881
19 - 19900
88 - 19988
55 - 20043
61 - 20104
22 - 20126
43 - 20169
39 - 20208
85 - 20293
17 - 20310
55 - 20365
14 - 20379
94 - 20473
69 - 20542
69 - 20611
97 - 20708
86 - 20794
33 - 20827
44 - 20871
44 - 20915
21 - 20936
94 - 21030
22 - 21052
32 - 21084
17 - 21101
76 - 21177
79 - 21256
67 - 21323
67 - 21390
81 - 21471
37 - 21508
18 - 21526
99 - 21625
39 - 21664
17 - 21681
52 - 21733
72 - 21805
37 - 21842
61 - 21903
26 - 21929
43 - 21972
29 - 22001
46 - 22047
77 - 22124
78 - 22202
19 - 22221
77 - 22298
38 - 22336
27 - 22363
33 - 22396
99 - 22495
58 - 22553
77 - 22630
13 - 22643
88 - 22731
99 - 22830
36 - 22866
77 - 22943
91 - 23034
66 - 23100
14 - 23114
55 - 23169
62 - 23231
19 - 23250
58 - 23308
95 - 23403
33 - 23436
86 - 23522
66 - 23588
11 - 23599
63 - 23662
22 - 23684
55 - 23739
13 - 23752
98 - 23850
58 - 23908
78 - 23986
11 - 23997
94 - 24091
77 - 24168
79 - 24247
33 - 24280
33 - 24313
18 - 24331
94 - 24425
55 - 24480
79 - 24559
14 - 24573
48 - 24621
11 - 24632
11 - 24643
56 - 24699
89 - 24788
44 - 24832
62 - 24894
35 - 24929
11 - 24940
67 - 25007
63 - 25070
44 - 25114
77 - 25191
36 - 25227
55 - 25282
43 - 25325
48 - 25373
77 - 25450
66 - 25516
39 - 25555
74 - 25629
56 - 25685
48 - 25733
65 - 25798
18 - 25816
66 - 25882
23 - 25905
34 - 25939
67 - 26006
67 - 26073
55 - 26128
19 - 26147
33 - 26180
66 - 26246
39 - 26285
66 - 26351
66 - 26417
99 - 26516
28 - 26544
54 - 26598
22 - 26620
94 - 26714
29 - 26743
44 - 26787
33 - 26820
67 - 26887
71 - 26958
82 - 27040
72 - 27112
55 - 27167
79 - 27246
87 - 27333
45 - 27378
27 - 27405
66 - 27471
42 - 27513
67 - 27580
43 - 27623
11 - 27634
58 - 27692
66 - 27758
66 - 27824
33 - 27857
81 - 27938
33 - 27971
53 - 28024
51 - 28075
66 - 28141
72 - 28213
91 - 28304
46 - 28350
88 - 28438
66 - 28504
11 - 28515
45 - 28560
33 - 28593
96 - 28689
55 - 28744
34 - 28778
78 - 28856
69 - 28925
61 - 28986
22 - 29008
48 - 29056
48 - 29104
14 - 29118
43 - 29161
57 - 29218
76 - 29294
99 - 29393
77 - 29470
55 - 29525
14 - 29539
34 - 29573
75 - 29648
77 - 29725
33 - 29758
83 - 29841
35 - 29876
45 - 29921
98 - 30019
52 - 30071
13 - 30084
26 - 30110
55 - 30165
31 - 30196
22 - 30218
14 - 30232
49 - 30281
29 - 30310
89 - 30399
88 - 30487
68 - 30555
76 - 30631
89 - 30720
65 - 30785
46 - 30831
53 - 30884
13 - 30897
11 - 30908
77 - 30985
89 - 31074
74 - 31148
33 - 31181
41 - 31222
42 - 31264
36 - 31300
48 - 31348
42 - 31390
35 - 31425
18 - 31443
63 - 31506
42 - 31548
44 - 31592
13 - 31605
84 - 31689
91 - 31780
77 - 31857
99 - 31956
71 - 32027
11 - 32038
74 - 32112
96 - 32208
82 - 32290
13 - 32303
77 - 32380
29 - 32409
72 - 32481
11 - 32492
54 - 32546
55 - 32601
66 - 32667
98 - 32765
77 - 32842
77 - 32919
78 - 32997
17 - 33014
64 - 33078
28 - 33106
14 - 33120
99 - 33219
98 - 33317
72 - 33389
58 - 33447
13 - 33460
66 - 33526
96 - 33622
73 - 33695
44 - 33739
99 - 33838
79 - 33917
38 - 33955
97 - 34052
88 - 34140
22 - 34162
43 - 34205
45 - 34250
66 - 34316
92 - 34408
99 - 34507
55 - 34562
44 - 34606
42 - 34648
76 - 34724
28 - 34752
55 - 34807
66 - 34873
12 - 34885
48 - 34933
44 - 34977
13 - 34990
33 - 35023
86 - 35109
91 - 35200
55 - 35255
54 - 35309
64 - 35373
28 - 35401
62 - 35463
33 - 35496
18 - 35514
77 - 35591
32 - 35623
39 - 35662
88 - 35750
78 - 35828
77 - 35905
81 - 35986
18 - 36004
88 - 36092
11 - 36103
83 - 36186
61 - 36247
31 - 36278
77 - 36355
94 - 36449
77 - 36526
98 - 36624
88 - 36712
99 - 36811
58 - 36869
26 - 36895
66 - 36961
38 - 36999
29 - 37028
43 - 37071
77 - 37148
99 - 37247
27 - 37274
14 - 37288
18 - 37306
66 - 37372
37 - 37409
33 - 37442
63 - 37505
59 - 37564
44 - 37608
69 - 37677
33 - 37710
88 - 37798
44 - 37842
22 - 37864
16 - 37880
83 - 37963
58 - 38021
94 - 38115
22 - 38137
71 - 38208
42 - 38250
88 - 38338
93 - 38431
21 - 38452
88 - 38540
66 - 38606
57 - 38663
33 - 38696
97 - 38793
44 - 38837
22 - 38859
93 - 38952
22 - 38974
66 - 39040
77 - 39117
73 - 39190
96 - 39286
45 - 39331
24 - 39355
26 - 39381
41 - 39422
17 - 39439
11 - 39450
97 - 39547
44 - 39591
59 - 39650
23 - 39673
84 - 39757
44 - 39801
71 - 39872
66 - 39938
33 - 39971
36 - 40007
66 - 40073
74 - 40147
83 - 40230
55 - 40285
18 - 40303
46 - 40349
86 - 40435
29 - 40464
55 - 40519
18 - 40537
77 - 40614
96 - 40710
76 - 40786
79 - 40865
31 - 40896
42 - 40938
88 - 41026
33 - 41059
15 - 41074
77 - 41151
33 - 41184
62 - 41246
86 - 41332
35 - 41367
25 - 41392
98 - 41490
52 - 41542
64 - 41606
56 - 41662
92 - 41754
11 - 41765
65 - 41830
53 - 41883
32 - 41915
65 - 41980
99 - 42079
91 - 42170
77 - 42247
62 - 42309
28 - 42337
52 - 42389
39 - 42428
78 - 42506
37 - 42543
81 - 42624
33 - 42657
67 - 42724
25 - 42749
44 - 42793
22 - 42815
69 - 42884
67 - 42951
73 - 43024
72 - 43096
57 - 43153
33 - 43186
94 - 43280
44 - 43324
67 - 43391
22 - 43413
79 - 43492
42 - 43534
37 - 43571
55 - 43626
49 - 43675
95 - 43770
71 - 43841
59 - 43900
99 - 43999
56 - 44055
44 - 44099
33 - 44132
99 - 44231
59 - 44290
32 - 44322
37 - 44359
21 - 44380
18 - 44398
66 - 44464
22 - 44486
62 - 44548
66 - 44614
33 - 44647
72 - 44719
25 - 44744
22 - 44766
88 - 44854
56 - 44910
49 - 44959
57 - 45016
66 - 45082
33 - 45115
43 - 45158
33 - 45191
44 - 45235
55 - 45290
53 - 45343
26 - 45369
14 - 45383
52 - 45435
48 - 45483
95 - 45578
55 - 45633
55 - 45688
76 - 45764
44 - 45808
66 - 45874
35 - 45909
52 - 45961
84 - 46045
66 - 46111
56 - 46167
62 - 46229
98 - 46327
46 - 46373
44 - 46417
16 - 46433
55 - 46488
24 - 46512
82 - 46594
34 - 46628
99 - 46727
88 - 46815
86 - 46901
36 - 46937
76 - 47013
77 - 47090
88 - 47178
18 - 47196
94 - 47290
44 - 47334
86 - 47420
33 - 47453
63 - 47516
11 - 47527
59 - 47586
99 - 47685
88 - 47773
65 - 47838
63 - 47901
11 - 47912
55 - 47967
99 - 48066
22 - 48088
55 - 48143
14 - 48157
21 - 48178
59 - 48237
66 - 48303
73 - 48376
99 - 48475
99 - 48574
88 - 48662
38 - 48700
13 - 48713
73 - 48786
77 - 48863
99 - 48962
18 - 48980
22 - 49002
34 - 49036
99 - 49135
56 - 49191
99 - 49290
22 - 49312
11 - 49323
16 - 49339
81 - 49420
26 - 49446
46 - 49492
21 - 49513
55 - 49568
75 - 49643
85 - 49728
55 - 49783
22 - 49805
43 - 49848
63 - 49911
49 - 49960
11 - 49971
24 - 49995
46 - 50041
44 - 50085
37 - 50122
83 - 50205
59 - 50264
68 - 50332
51 - 50383
99 - 50482
79 - 50561
81 - 50642
12 - 50654
33 - 50687
15 - 50702
24 - 50726
55 - 50781
46 - 50827
27 - 50854
75 - 50929
99 - 51028
83 - 51111
33 - 51144
66 - 51210
98 - 51308
86 - 51394
14 - 51408
14 - 51422
88 - 51510
24 - 51534
46 - 51580
66 - 51646
16 - 51662
83 - 51745
56 - 51801
57 - 51858
46 - 51904
88 - 51992
17 - 52009
66 - 52075
75 - 52150
11 - 52161
77 - 52238
99 - 52337
77 - 52414
66 - 52480
11 - 52491
77 - 52568
22 - 52590
32 - 52622
77 - 52699
98 - 52797
33 - 52830
77 - 52907
35 - 52942
27 - 52969
11 - 52980
94 - 53074
42 - 53116
59 - 53175
14 - 53189
21 - 53210
91 - 53301
16 - 53317
41 - 53358
85 - 53443
72 - 53515
99 - 53614
17 - 53631
55 - 53686
65 - 53751
38 - 53789
66 - 53855
53 - 53908
59 - 53967
59 - 54026
31 - 54057
67 - 54124
41 - 54165
43 - 54208
68 - 54276
51 - 54327
32 - 54359
45 - 54404
96 - 54500
62 - 54562
88 - 54650
76 - 54726
96 - 54822
63 - 54885
46 - 54931
37 - 54968
37 - 55005
55005
